<?xml version="1.0" encoding="UTF-8"?>
<robot generator="Robot 3.1.2 (Python 3.8.1 on win32)" generated="20200121 23:32:50.455" rpa="false">
<suite id="s1" name="SuiteChallenge" source="C:\Users\aline.barreto\Desktop\SuiteChallengeCI&amp;T\tests\SuiteChallenge.robot">
<test id="s1-t1" name="Test Case 01: to research products valid">
<kw name="Open Browser" library="Resource" type="setup">
<kw name="Open Browser" library="Resource">
<arguments>
<arg>http://automationpractice.com</arg>
<arg>${BROWSER}'</arg>
</arguments>
<msg timestamp="20200121 23:32:50.746" level="FAIL">Keyword 'Resource.Open Browser' expected 0 arguments, got 2.</msg>
<status status="FAIL" starttime="20200121 23:32:50.746" endtime="20200121 23:32:50.746"></status>
</kw>
<status status="FAIL" starttime="20200121 23:32:50.746" endtime="20200121 23:32:50.746"></status>
</kw>
<status status="FAIL" starttime="20200121 23:32:50.745" endtime="20200121 23:32:50.747" critical="yes">Setup failed:
Keyword 'Resource.Open Browser' expected 0 arguments, got 2.</status>
</test>
<test id="s1-t2" name="Test Case 02: to research products invalid">
<kw name="Open Browser" library="Resource" type="setup">
<kw name="Open Browser" library="Resource">
<arguments>
<arg>http://automationpractice.com</arg>
<arg>${BROWSER}'</arg>
</arguments>
<msg timestamp="20200121 23:32:50.750" level="FAIL">Keyword 'Resource.Open Browser' expected 0 arguments, got 2.</msg>
<status status="FAIL" starttime="20200121 23:32:50.750" endtime="20200121 23:32:50.750"></status>
</kw>
<status status="FAIL" starttime="20200121 23:32:50.749" endtime="20200121 23:32:50.750"></status>
</kw>
<status status="FAIL" starttime="20200121 23:32:50.749" endtime="20200121 23:32:50.750" critical="yes">Setup failed:
Keyword 'Resource.Open Browser' expected 0 arguments, got 2.</status>
</test>
<status status="FAIL" starttime="20200121 23:32:50.459" endtime="20200121 23:32:50.753"></status>
</suite>
<statistics>
<total>
<stat pass="0" fail="2">Critical Tests</stat>
<stat pass="0" fail="2">All Tests</stat>
</total>
<tag>
</tag>
<suite>
<stat pass="0" fail="2" id="s1" name="SuiteChallenge">SuiteChallenge</stat>
</suite>
</statistics>
<errors>
<msg timestamp="20200121 23:32:50.443" level="ERROR">Error in file 'C:\Users\aline.barreto\Desktop\SuiteChallengeCI&amp;T\tests\SuiteChallenge.robot': Non-existing setting 'Test Teardowm'.</msg>
</errors>
</robot>
