<?xml version="1.0" encoding="UTF-8"?>
<robot generator="Robot 3.1.2 (Python 3.8.1 on win32)" generated="20200121 22:37:36.785" rpa="false">
<suite id="s1" name="SuiteChallenge" source="C:\Users\aline.barreto\Desktop\SuiteChallengeCI&amp;T\tests\SuiteChallenge.robot">
<test id="s1-t1" name="Test Case 01: to research products valid">
<kw name="Open Browser" library="Resource" type="setup">
<kw name="'Open Browser">
<arguments>
<arg>http://automationpractice.com</arg>
<arg>${BROWSER}'</arg>
</arguments>
<msg timestamp="20200121 22:37:37.115" level="FAIL">No keyword with name ''Open Browser' found. Did you mean:
    Resource.Open Browser
    SeleniumLibrary.Open Browser</msg>
<status status="FAIL" starttime="20200121 22:37:37.114" endtime="20200121 22:37:37.115"></status>
</kw>
<status status="FAIL" starttime="20200121 22:37:37.110" endtime="20200121 22:37:37.115"></status>
</kw>
<status status="FAIL" starttime="20200121 22:37:37.109" endtime="20200121 22:37:37.115" critical="yes">Setup failed:
No keyword with name ''Open Browser' found. Did you mean:
    Resource.Open Browser
    SeleniumLibrary.Open Browser</status>
</test>
<test id="s1-t2" name="Test Case 02: to research products invalid">
<kw name="Open Browser" library="Resource" type="setup">
<kw name="'Open Browser">
<arguments>
<arg>http://automationpractice.com</arg>
<arg>${BROWSER}'</arg>
</arguments>
<msg timestamp="20200121 22:37:37.136" level="FAIL">No keyword with name ''Open Browser' found. Did you mean:
    Resource.Open Browser
    SeleniumLibrary.Open Browser</msg>
<status status="FAIL" starttime="20200121 22:37:37.135" endtime="20200121 22:37:37.136"></status>
</kw>
<status status="FAIL" starttime="20200121 22:37:37.119" endtime="20200121 22:37:37.136"></status>
</kw>
<status status="FAIL" starttime="20200121 22:37:37.118" endtime="20200121 22:37:37.140" critical="yes">Setup failed:
No keyword with name ''Open Browser' found. Did you mean:
    Resource.Open Browser
    SeleniumLibrary.Open Browser</status>
</test>
<status status="FAIL" starttime="20200121 22:37:36.790" endtime="20200121 22:37:37.143"></status>
</suite>
<statistics>
<total>
<stat pass="0" fail="2">Critical Tests</stat>
<stat pass="0" fail="2">All Tests</stat>
</total>
<tag>
</tag>
<suite>
<stat pass="0" fail="2" id="s1" name="SuiteChallenge">SuiteChallenge</stat>
</suite>
</statistics>
<errors>
<msg timestamp="20200121 22:37:36.772" level="ERROR">Error in file 'C:\Users\aline.barreto\Desktop\SuiteChallengeCI&amp;T\tests\SuiteChallenge.robot': Non-existing setting 'Test Teardowm'.</msg>
<msg timestamp="20200121 22:37:36.827" level="WARN">Collapsing consecutive whitespace during parsing is deprecated. Fix " 'Title Should Be" in file 'C:\Users\aline.barreto\Desktop\SuiteChallengeCI&amp;T\resource\Resource.robot' on line 21.</msg>
<msg timestamp="20200121 22:37:36.828" level="WARN">Collapsing consecutive whitespace during parsing is deprecated. Fix " 'Input Text" in file 'C:\Users\aline.barreto\Desktop\SuiteChallengeCI&amp;T\resource\Resource.robot' on line 23.</msg>
</errors>
</robot>
